Exporting C:\Howley_Bradford_Streams\Howley_Bradford_Streams\01_Raw_data\04162025\15_DO_09262025.hobo to 15_DO_09262025.csv
Exporting C:\Howley_Bradford_Streams\Howley_Bradford_Streams\01_Raw_data\04162025\3_DO_09262025_3.hobo to 3_DO_09262025_3.csv
Exporting C:\Howley_Bradford_Streams\Howley_Bradford_Streams\01_Raw_data\04162025\6_DO_02082024_6.hobo to 6_DO_02082024_6.csv
Exporting C:\Howley_Bradford_Streams\Howley_Bradford_Streams\01_Raw_data\04162025\6_SpC.hobo to 6_SpC.csv
Exporting C:\Howley_Bradford_Streams\Howley_Bradford_Streams\01_Raw_data\04162025\7_DO_09262025.hobo to 7_DO_09262025.csv
Exporting C:\Howley_Bradford_Streams\Howley_Bradford_Streams\01_Raw_data\04162025\9_DO_09262025_9.hobo to 9_DO_09262025_9.csv
Exporting C:\Howley_Bradford_Streams\Howley_Bradford_Streams\01_Raw_data\04162025\Bardford_6LL_Replace.hobo to Bardford_6LL_Replace.csv
Exporting C:\Howley_Bradford_Streams\Howley_Bradford_Streams\01_Raw_data\04162025\Bradford6a_baro.hobo to Bradford6a_baro.csv
Exporting C:\Howley_Bradford_Streams\Howley_Bradford_Streams\01_Raw_data\04162025\Bradford_15.hobo to Bradford_15.csv
Exporting C:\Howley_Bradford_Streams\Howley_Bradford_Streams\01_Raw_data\04162025\Bradford_15con.hobo to Bradford_15con.csv
Exporting C:\Howley_Bradford_Streams\Howley_Bradford_Streams\01_Raw_data\04162025\Bradford_3LL.hobo to Bradford_3LL.csv
Exporting C:\Howley_Bradford_Streams\Howley_Bradford_Streams\01_Raw_data\04162025\Bradford_3con.hobo to Bradford_3con.csv
Exporting C:\Howley_Bradford_Streams\Howley_Bradford_Streams\01_Raw_data\04162025\Bradford_5DO_9.26.25.hobo to Bradford_5DO_9.26.25.csv
Exporting C:\Howley_Bradford_Streams\Howley_Bradford_Streams\01_Raw_data\04162025\Bradford_5LL.hobo to Bradford_5LL.csv
Exporting C:\Howley_Bradford_Streams\Howley_Bradford_Streams\01_Raw_data\04162025\Bradford_5aLL.hobo to Bradford_5aLL.csv
Exporting C:\Howley_Bradford_Streams\Howley_Bradford_Streams\01_Raw_data\04162025\Bradford_5a_con.hobo to Bradford_5a_con.csv
Exporting C:\Howley_Bradford_Streams\Howley_Bradford_Streams\01_Raw_data\04162025\Bradford_5baro.hobo to Bradford_5baro.csv
Exporting C:\Howley_Bradford_Streams\Howley_Bradford_Streams\01_Raw_data\04162025\Bradford_7LL.hobo to Bradford_7LL.csv
Exporting C:\Howley_Bradford_Streams\Howley_Bradford_Streams\01_Raw_data\04162025\Bradford_7con.hobo to Bradford_7con.csv
Exporting C:\Howley_Bradford_Streams\Howley_Bradford_Streams\01_Raw_data\04162025\Bradford_9LL.hobo to Bradford_9LL.csv
Exporting C:\Howley_Bradford_Streams\Howley_Bradford_Streams\01_Raw_data\04162025\Bradford_DO15_09262025.hobo to Bradford_DO15_09262025.csv
Exporting C:\Howley_Bradford_Streams\Howley_Bradford_Streams\01_Raw_data\04162025\DG3.hobo to DG3.csv
