Exporting C:\Users\IF-SVC-FFGS-HYDRO\Desktop\Sam Howley\Bradford Streams\07292024\10757733.hobo to 10757733.csv
Exporting C:\Users\IF-SVC-FFGS-HYDRO\Desktop\Sam Howley\Bradford Streams\07292024\15_DO_02082024_15.hobo to 15_DO_02082024_15.csv
Exporting C:\Users\IF-SVC-FFGS-HYDRO\Desktop\Sam Howley\Bradford Streams\07292024\5_DO_02102024_5.hobo to 5_DO_02102024_5.csv
Exporting C:\Users\IF-SVC-FFGS-HYDRO\Desktop\Sam Howley\Bradford Streams\07292024\5a_DO_02082024_5a.hobo to 5a_DO_02082024_5a.csv
Exporting C:\Users\IF-SVC-FFGS-HYDRO\Desktop\Sam Howley\Bradford Streams\07292024\6_DO_02082024_DO.hobo to 6_DO_02082024_DO.csv
Exporting C:\Users\IF-SVC-FFGS-HYDRO\Desktop\Sam Howley\Bradford Streams\07292024\6_SpC.hobo to 6_SpC.csv
Exporting C:\Users\IF-SVC-FFGS-HYDRO\Desktop\Sam Howley\Bradford Streams\07292024\6a_DO_02082024_6a.hobo to 6a_DO_02082024_6a.csv
Exporting C:\Users\IF-SVC-FFGS-HYDRO\Desktop\Sam Howley\Bradford Streams\07292024\9_DO_02082024_9.hobo to 9_DO_02082024_9.csv
Exporting C:\Users\IF-SVC-FFGS-HYDRO\Desktop\Sam Howley\Bradford Streams\07292024\Bardford_6LL_Replace.hobo to Bardford_6LL_Replace.csv
Exporting C:\Users\IF-SVC-FFGS-HYDRO\Desktop\Sam Howley\Bradford Streams\07292024\Bradford6a_baro.hobo to Bradford6a_baro.csv
Exporting C:\Users\IF-SVC-FFGS-HYDRO\Desktop\Sam Howley\Bradford Streams\07292024\Bradford_15.hobo to Bradford_15.csv
Exporting C:\Users\IF-SVC-FFGS-HYDRO\Desktop\Sam Howley\Bradford Streams\07292024\Bradford_15con.hobo to Bradford_15con.csv
Exporting C:\Users\IF-SVC-FFGS-HYDRO\Desktop\Sam Howley\Bradford Streams\07292024\Bradford_5LL.hobo to Bradford_5LL.csv
Exporting C:\Users\IF-SVC-FFGS-HYDRO\Desktop\Sam Howley\Bradford Streams\07292024\Bradford_5_cond.hobo to Bradford_5_cond.csv
Exporting C:\Users\IF-SVC-FFGS-HYDRO\Desktop\Sam Howley\Bradford Streams\07292024\Bradford_5aLL.hobo to Bradford_5aLL.csv
Exporting C:\Users\IF-SVC-FFGS-HYDRO\Desktop\Sam Howley\Bradford Streams\07292024\Bradford_5a_con.hobo to Bradford_5a_con.csv
Exporting C:\Users\IF-SVC-FFGS-HYDRO\Desktop\Sam Howley\Bradford Streams\07292024\Bradford_5baro.hobo to Bradford_5baro.csv
Exporting C:\Users\IF-SVC-FFGS-HYDRO\Desktop\Sam Howley\Bradford Streams\07292024\Bradford_6aLL.hobo to Bradford_6aLL.csv
Exporting C:\Users\IF-SVC-FFGS-HYDRO\Desktop\Sam Howley\Bradford Streams\07292024\Bradford_6acond.hobo to Bradford_6acond.csv
Exporting C:\Users\IF-SVC-FFGS-HYDRO\Desktop\Sam Howley\Bradford Streams\07292024\Bradford_6acond_0.hobo to Bradford_6acond_0.csv
Exporting C:\Users\IF-SVC-FFGS-HYDRO\Desktop\Sam Howley\Bradford Streams\07292024\Bradford_9LL.hobo to Bradford_9LL.csv
Exporting C:\Users\IF-SVC-FFGS-HYDRO\Desktop\Sam Howley\Bradford Streams\07292024\Bradford_9_cond_replace.hobo to Bradford_9_cond_replace.csv
Exporting C:\Users\IF-SVC-FFGS-HYDRO\Desktop\Sam Howley\Bradford Streams\07292024\DG_07292024.hobo to DG_07292024.csv
