Exporting C:\Howley_Bradford_Streams\01_Raw_data\organizing\Stream_H20_level\Stream_H20_raw\5a\5aLL_2022-01-28_2022-04-08_Q.hobo to 5aLL_2022-01-28_2022-04-08_Q_0.csv
Exporting C:\Howley_Bradford_Streams\01_Raw_data\organizing\Stream_H20_level\Stream_H20_raw\5a\5aLL_2022-04-08_2022-06-21_Q.hobo to 5aLL_2022-04-08_2022-06-21_Q_0.csv
Exporting C:\Howley_Bradford_Streams\01_Raw_data\organizing\Stream_H20_level\Stream_H20_raw\5a\5aLL_2022-06-21_2022-09-02_Q.hobo to 5aLL_2022-06-21_2022-09-02_Q_0.csv
Exporting C:\Howley_Bradford_Streams\01_Raw_data\organizing\Stream_H20_level\Stream_H20_raw\5a\5aLL_2022-09-02_2022-10-12_Q.hobo to 5aLL_2022-09-02_2022-10-12_Q_0.csv
Exporting C:\Howley_Bradford_Streams\01_Raw_data\organizing\Stream_H20_level\Stream_H20_raw\5a\5aLL_2022-10-12_2022-11-14_Q.hobo to 5aLL_2022-10-12_2022-11-14_Q_0.csv
Exporting C:\Howley_Bradford_Streams\01_Raw_data\organizing\Stream_H20_level\Stream_H20_raw\5a\5aLL_2022-11-14_2022-12-08_Q.hobo to 5aLL_2022-11-14_2022-12-08_Q_0.csv
Exporting C:\Howley_Bradford_Streams\01_Raw_data\organizing\Stream_H20_level\Stream_H20_raw\5a\5aLL_2022-12-08_2023-01-20_Q.hobo to 5aLL_2022-12-08_2023-01-20_Q_0.csv
Exporting C:\Howley_Bradford_Streams\01_Raw_data\organizing\Stream_H20_level\Stream_H20_raw\5a\5aLL_2023-01-20_2023-02-02_missing corrupt shuttle launch.hobo to 5aLL_2023-01-20_2023-02-02_missing corrupt shuttle launch.csv
Exporting C:\Howley_Bradford_Streams\01_Raw_data\organizing\Stream_H20_level\Stream_H20_raw\5a\5a_stream_LL_2021_09_13.hobo failed, error =File not found
Exporting C:\Howley_Bradford_Streams\01_Raw_data\organizing\Stream_H20_level\Stream_H20_raw\5a\5a_stream_LL_2021_6_15.hobo failed, error =File not found
Exporting C:\Howley_Bradford_Streams\01_Raw_data\organizing\Stream_H20_level\Stream_H20_raw\5a\5a_stream_LL_2022_01_28.hobo failed, error =File not found
Exporting C:\Howley_Bradford_Streams\01_Raw_data\organizing\Stream_H20_level\Stream_H20_raw\5a\Bradford_5aLL_2023-02-02_2023-03-14_Q.hobo failed, error =File not found
Exporting C:\Howley_Bradford_Streams\01_Raw_data\organizing\Stream_H20_level\Stream_H20_raw\5a\Bradford_5aLL_2023-03-14_2023-04-03_Q.hobo failed, error =File not found
Exporting C:\Howley_Bradford_Streams\01_Raw_data\organizing\Stream_H20_level\Stream_H20_raw\5a\Bradford_5aLL_2023-04-03_2023-05-01_Q.hobo failed, error =File not found
Exporting C:\Howley_Bradford_Streams\01_Raw_data\organizing\Stream_H20_level\Stream_H20_raw\5a\Bradford_5aLL_2023-05-01_2023-06-01_H.hobo failed, error =File not found
Exporting C:\Howley_Bradford_Streams\01_Raw_data\organizing\Stream_H20_level\Stream_H20_raw\5a\Bradford_5aLL_2023-06-01_2023-07-04_H.hobo failed, error =File not found
Exporting C:\Howley_Bradford_Streams\01_Raw_data\organizing\Stream_H20_level\Stream_H20_raw\5a\Bradford_5aLL_2023-07-04_2023-08-02_H.hobo failed, error =File not found
Exporting C:\Howley_Bradford_Streams\01_Raw_data\organizing\Stream_H20_level\Stream_H20_raw\5a\Bradford_5aLL_2023-08-02_2023-09-13_H.hobo failed, error =File not found
Exporting C:\Howley_Bradford_Streams\01_Raw_data\organizing\Stream_H20_level\Stream_H20_raw\5a\Bradford_5aLL_2023-09-13_2023-09-28_H.hobo failed, error =File not found
Exporting C:\Howley_Bradford_Streams\01_Raw_data\organizing\Stream_H20_level\Stream_H20_raw\5a\Bradford_5aLL_2023-09-28_2023-11-01_H.hobo failed, error =File not found
Exporting C:\Howley_Bradford_Streams\01_Raw_data\organizing\Stream_H20_level\Stream_H20_raw\5a\Bradford_5aLL_2023-11-01_2023-12-06_H.hobo failed, error =File not found
Exporting C:\Howley_Bradford_Streams\01_Raw_data\organizing\Stream_H20_level\Stream_H20_raw\5a\Bradford_5aLL_2023-12-06_2024-01-05_H.hobo failed, error =File not found
