Exporting C:\Howley_Bradford_Streams\01_Raw_data\Stream_H20_raw\15\15LL_2022-01-28_2022-04-08_Q.hobo to 15LL_2022-01-28_2022-04-08_Q_1.csv
Exporting C:\Howley_Bradford_Streams\01_Raw_data\Stream_H20_raw\15\15LL_2022-04-08_2022-04-15_Q.hobo to 15LL_2022-04-08_2022-04-15_Q_0.csv
Exporting C:\Howley_Bradford_Streams\01_Raw_data\Stream_H20_raw\15\15LL_2022-04-15_2022-06-21_Q.hobo to 15LL_2022-04-15_2022-06-21_Q_0.csv
Exporting C:\Howley_Bradford_Streams\01_Raw_data\Stream_H20_raw\15\15LL_2022-06-21_2022-09-02_Q.hobo to 15LL_2022-06-21_2022-09-02_Q_0.csv
Exporting C:\Howley_Bradford_Streams\01_Raw_data\Stream_H20_raw\15\15LL_2022-09-02_2022_10-12_Q.hobo to 15LL_2022-09-02_2022_10-12_Q_0.csv
Exporting C:\Howley_Bradford_Streams\01_Raw_data\Stream_H20_raw\15\15LL_2022-10-12_2022-11-14.hobo to 15LL_2022-10-12_2022-11-14_0.csv
Exporting C:\Howley_Bradford_Streams\01_Raw_data\Stream_H20_raw\15\15LL_2022-10-12_2022-12-08_Q.hobo to 15LL_2022-10-12_2022-12-08_Q_0.csv
Exporting C:\Howley_Bradford_Streams\01_Raw_data\Stream_H20_raw\15\15LL_2022-12-08_2023-02-09_Q.hobo to 15LL_2022-12-08_2023-02-09_Q_0.csv
Exporting C:\Howley_Bradford_Streams\01_Raw_data\Stream_H20_raw\15\15_stream_LL_2021-11-10.hobo to 15_stream_LL_2021-11-10_0.csv
Exporting C:\Howley_Bradford_Streams\01_Raw_data\Stream_H20_raw\15\15_stream_LL_2021_09_13.hobo to 15_stream_LL_2021_09_13_0.csv
Exporting C:\Howley_Bradford_Streams\01_Raw_data\Stream_H20_raw\15\15_stream_LL_2021_6_15.hobo to 15_stream_LL_2021_6_15_0.csv
Exporting C:\Howley_Bradford_Streams\01_Raw_data\Stream_H20_raw\15\15_stream_LL_2022_01_28.hobo to 15_stream_LL_2022_01_28_0.csv
Exporting C:\Howley_Bradford_Streams\01_Raw_data\Stream_H20_raw\15\Bradfor15_2023-09-08_2023-09-28_H.hobo to Bradfor15_2023-09-08_2023-09-28_H_1.csv
Exporting C:\Howley_Bradford_Streams\01_Raw_data\Stream_H20_raw\15\Bradford15_2023-08-02_2023-09-08_H.hobo to Bradford15_2023-08-02_2023-09-08_H_0.csv
Exporting C:\Howley_Bradford_Streams\01_Raw_data\Stream_H20_raw\15\Bradford_15LL_2023-02-09_2023-03-13_Q.hobo to Bradford_15LL_2023-02-09_2023-03-13_Q_0.csv
Exporting C:\Howley_Bradford_Streams\01_Raw_data\Stream_H20_raw\15\Bradford_15LL_2023-03-13_2023-04-03_Q.hobo to Bradford_15LL_2023-03-13_2023-04-03_Q_0.csv
Exporting C:\Howley_Bradford_Streams\01_Raw_data\Stream_H20_raw\15\Bradford_15LL_2023-04-03_2023-05-01_Q.hobo to Bradford_15LL_2023-04-03_2023-05-01_Q_0.csv
Exporting C:\Howley_Bradford_Streams\01_Raw_data\Stream_H20_raw\15\Bradford_15LL_2023-05-01_2023-06-02_H.hobo to Bradford_15LL_2023-05-01_2023-06-02_H_0.csv
Exporting C:\Howley_Bradford_Streams\01_Raw_data\Stream_H20_raw\15\Bradford_15LL_2023-06-02_2023-07-04_H.hobo to Bradford_15LL_2023-06-02_2023-07-04_H_0.csv
Exporting C:\Howley_Bradford_Streams\01_Raw_data\Stream_H20_raw\15\Bradford_15LL_2023-07-04_2023-08-02_H.hobo to Bradford_15LL_2023-07-04_2023-08-02_H_0.csv
Exporting C:\Howley_Bradford_Streams\01_Raw_data\Stream_H20_raw\15\Bradford_15LL_2023-09-28_2023-11-01_H.hobo to Bradford_15LL_2023-09-28_2023-11-01_H_0.csv
Exporting C:\Howley_Bradford_Streams\01_Raw_data\Stream_H20_raw\15\Bradford_15LL_2023-11-01_2023-12-06_H.hobo to Bradford_15LL_2023-11-01_2023-12-06_H_0.csv
Exporting C:\Howley_Bradford_Streams\01_Raw_data\Stream_H20_raw\15\Bradford_15LL_2023-12-06_2024-01-05_H.hobo to Bradford_15LL_2023-12-06_2024-01-05_H_0.csv
