Exporting C:\Howley_Bradford_Streams\01_Raw_data\Stream_H20_raw\6a\Bradford_6aLL_2021-04-06_2021-6-15.hobo to Bradford_6aLL_2021-04-06_2021-6-15_0.csv
Exporting C:\Howley_Bradford_Streams\01_Raw_data\Stream_H20_raw\6a\Bradford_6aLL_2021-06-15_2021-09-13.hobo to Bradford_6aLL_2021-06-15_2021-09-13_1.csv
Exporting C:\Howley_Bradford_Streams\01_Raw_data\Stream_H20_raw\6a\Bradford_6aLL_2021-09-13_2021-11-17.hobo to Bradford_6aLL_2021-09-13_2021-11-17_0.csv
Exporting C:\Howley_Bradford_Streams\01_Raw_data\Stream_H20_raw\6a\Bradford_6aLL_2021-11-17_2022_01_28.hobo to Bradford_6aLL_2021-11-17_2022_01_28_0.csv
Exporting C:\Howley_Bradford_Streams\01_Raw_data\Stream_H20_raw\6a\Bradford_6aLL_2022-01-27_2022_04_14_Q.hobo to Bradford_6aLL_2022-01-27_2022_04_14_Q.csv
Exporting C:\Howley_Bradford_Streams\01_Raw_data\Stream_H20_raw\6a\Bradford_6aLL_2022-04-14_2022-06-22_Q.hobo to Bradford_6aLL_2022-04-14_2022-06-22_Q_0.csv
Exporting C:\Howley_Bradford_Streams\01_Raw_data\Stream_H20_raw\6a\Bradford_6aLL_2022-06-22_2022-09-14.hobo to Bradford_6aLL_2022-06-22_2022-09-14_0.csv
Exporting C:\Howley_Bradford_Streams\01_Raw_data\Stream_H20_raw\6a\Bradford_6aLL_2022-09-14_2022-11-15.hobo to Bradford_6aLL_2022-09-14_2022-11-15_1.csv
Exporting C:\Howley_Bradford_Streams\01_Raw_data\Stream_H20_raw\6a\Bradford_6aLL_2022-11-15_2022-12-08.hobo to Bradford_6aLL_2022-11-15_2022-12-08_0.csv
Exporting C:\Howley_Bradford_Streams\01_Raw_data\Stream_H20_raw\6a\Bradford_6aLL_2022-12-08_2023-01-27_Q.hobo to Bradford_6aLL_2022-12-08_2023-01-27_Q_0.csv
Exporting C:\Howley_Bradford_Streams\01_Raw_data\Stream_H20_raw\6a\Bradford_6aLL_2023-01-27_2023-03-13_Q.hobo to Bradford_6aLL_2023-01-27_2023-03-13_Q_0.csv
Exporting C:\Howley_Bradford_Streams\01_Raw_data\Stream_H20_raw\6a\Bradford_6aLL_2023-03-13_2023-05-01_Q.hobo to Bradford_6aLL_2023-03-13_2023-05-01_Q.csv
Exporting C:\Howley_Bradford_Streams\01_Raw_data\Stream_H20_raw\6a\Bradford_6aLL_2023-05-01_2023-06-02_H.hobo to Bradford_6aLL_2023-05-01_2023-06-02_H_0.csv
Exporting C:\Howley_Bradford_Streams\01_Raw_data\Stream_H20_raw\6a\Bradford_6aLL_2023-06-02_2023-07-07_H.hobo to Bradford_6aLL_2023-06-02_2023-07-07_H.csv
Exporting C:\Howley_Bradford_Streams\01_Raw_data\Stream_H20_raw\6a\Bradford_6aLL_2023-07-07_2023-08-02_H.hobo to Bradford_6aLL_2023-07-07_2023-08-02_H_0.csv
Exporting C:\Howley_Bradford_Streams\01_Raw_data\Stream_H20_raw\6a\Bradford_6aLL_2023-08-02_2023-09-08_H.hobo to Bradford_6aLL_2023-08-02_2023-09-08_H_0.csv
Exporting C:\Howley_Bradford_Streams\01_Raw_data\Stream_H20_raw\6a\Bradford_6aLL_2023-09-08_2023-09-28_H.hobo to Bradford_6aLL_2023-09-08_2023-09-28_H_0.csv
Exporting C:\Howley_Bradford_Streams\01_Raw_data\Stream_H20_raw\6a\Bradford_6aLL_2023-09-28_2023-11-01_H.hobo to Bradford_6aLL_2023-09-28_2023-11-01_H_0.csv
Exporting C:\Howley_Bradford_Streams\01_Raw_data\Stream_H20_raw\6a\Bradford_6aLL_2023-11-01_2023-12-06_H.hobo to Bradford_6aLL_2023-11-01_2023-12-06_H_0.csv
Exporting C:\Howley_Bradford_Streams\01_Raw_data\Stream_H20_raw\6a\Bradford_6aLL_2023-12-06_2024-01-05_H.hobo to Bradford_6aLL_2023-12-06_2024-01-05_H_1.csv
